1653654031444	geckodriver	INFO	Listening on 127.0.0.1:51064
1653654034543	mozrunner::runner	INFO	Running command: "C:\\Program Files\\Mozilla Firefox\\firefox.exe" "--marionette" "--remote-debugging-port" "51065" "--remote-allow-hosts" "localhost" "-no-remote" "-profile" "C:\\Users\\MARCUS~1.SAR\\AppData\\Local\\Temp\\rust_mozprofileA31UEf"
1653654034922	Marionette	INFO	Marionette enabled
console.warn: SearchSettings: "get: No settings file exists, new profile?" (new NotFoundError("Could not open the file at C:\\Users\\MARCUS~1.SAR\\AppData\\Local\\Temp\\rust_mozprofileA31UEf\\search.json.mozlz4", (void 0)))
DevTools listening on ws://localhost:51065/devtools/browser/9c4daa10-9ed6-49f2-9a88-1852269268eb
1653654036657	Marionette	INFO	Listening on port 51084
Read port: 51084
1653654036709	RemoteAgent	WARN	TLS certificate errors will be ignored for this session
console.warn: LoginRecipes: "getRecipes: falling back to a synchronous message for:" "https://www.instagram.com"
console.warn: LoginRecipes: "getRecipes: falling back to a synchronous message for:" "https://www.instagram.com"
JavaScript error: resource://gre/modules/LoginManagerParent.jsm, line 136: TypeError: gRecipeManager is null
1653654054410	Marionette	INFO	Stopped listening on port 51084
console.warn: TopSitesFeed: Failed to fetch data from Contile server: NetworkError when attempting to fetch resource.
JavaScript error: chrome://remote/content/marionette/cert.js, line 55: NS_ERROR_NOT_AVAILABLE: Component returned failure code: 0x80040111 (NS_ERROR_NOT_AVAILABLE) [nsICertOverrideService.setDisableAllSecurityChecksAndLetAttackersInterceptMyData]
1653654174984	geckodriver	INFO	Listening on 127.0.0.1:51142
1653654177959	mozrunner::runner	INFO	Running command: "C:\\Program Files\\Mozilla Firefox\\firefox.exe" "--marionette" "--remote-debugging-port" "51143" "--remote-allow-hosts" "localhost" "-no-remote" "-profile" "C:\\Users\\MARCUS~1.SAR\\AppData\\Local\\Temp\\rust_mozprofileeDaHqE"
1653654178596	Marionette	INFO	Marionette enabled
console.warn: SearchSettings: "get: No settings file exists, new profile?" (new NotFoundError("Could not open the file at C:\\Users\\MARCUS~1.SAR\\AppData\\Local\\Temp\\rust_mozprofileeDaHqE\\search.json.mozlz4", (void 0)))
DevTools listening on ws://localhost:51143/devtools/browser/78337de8-3f3c-460e-bfec-0629d6a2d789
1653654180384	Marionette	INFO	Listening on port 51164
Read port: 51164
1653654180423	RemoteAgent	WARN	TLS certificate errors will be ignored for this session
1653654185722	Marionette	INFO	Stopped listening on port 51164
console.warn: TopSitesFeed: Failed to fetch data from Contile server: NetworkError when attempting to fetch resource.
JavaScript error: chrome://remote/content/marionette/cert.js, line 55: NS_ERROR_NOT_AVAILABLE: Component returned failure code: 0x80040111 (NS_ERROR_NOT_AVAILABLE) [nsICertOverrideService.setDisableAllSecurityChecksAndLetAttackersInterceptMyData]
1653654369655	geckodriver	INFO	Listening on 127.0.0.1:51250
1653654372680	mozrunner::runner	INFO	Running command: "C:\\Program Files\\Mozilla Firefox\\firefox.exe" "--marionette" "--remote-debugging-port" "51251" "--remote-allow-hosts" "localhost" "-no-remote" "-profile" "C:\\Users\\MARCUS~1.SAR\\AppData\\Local\\Temp\\rust_mozprofileFGuCzi"
1653654373038	Marionette	INFO	Marionette enabled
console.warn: SearchSettings: "get: No settings file exists, new profile?" (new NotFoundError("Could not open the file at C:\\Users\\MARCUS~1.SAR\\AppData\\Local\\Temp\\rust_mozprofileFGuCzi\\search.json.mozlz4", (void 0)))
DevTools listening on ws://localhost:51251/devtools/browser/3b552286-c644-424c-8175-16160be759d8
1653654374897	Marionette	INFO	Listening on port 51272
Read port: 51272
1653654375002	RemoteAgent	WARN	TLS certificate errors will be ignored for this session
console.warn: LoginRecipes: "getRecipes: falling back to a synchronous message for:" "https://www.instagram.com"
1653654393252	Marionette	INFO	Stopped listening on port 51272
console.warn: TopSitesFeed: Failed to fetch data from Contile server: NetworkError when attempting to fetch resource.
JavaScript error: chrome://remote/content/marionette/cert.js, line 55: NS_ERROR_NOT_AVAILABLE: Component returned failure code: 0x80040111 (NS_ERROR_NOT_AVAILABLE) [nsICertOverrideService.setDisableAllSecurityChecksAndLetAttackersInterceptMyData]

###!!! [Child][PContentChild] Error: RunMessage(msgname=PHttpChannel::Msg_DeleteSelf) Channel closing: too late to send/recv, messages will be lost


###!!! [Child][PContentChild] Error: RunMessage(msgname=PHttpChannel::Msg_DeleteSelf) Channel closing: too late to send/recv, messages will be lost


###!!! [Child][PContentChild] Error: RunMessage(msgname=PHttpChannel::Msg_DeleteSelf) Channel closing: too late to send/recv, messages will be lost

1653654433994	geckodriver	INFO	Listening on 127.0.0.1:51308
1653654437048	mozrunner::runner	INFO	Running command: "C:\\Program Files\\Mozilla Firefox\\firefox.exe" "--marionette" "--remote-debugging-port" "51309" "--remote-allow-hosts" "localhost" "-no-remote" "-profile" "C:\\Users\\MARCUS~1.SAR\\AppData\\Local\\Temp\\rust_mozprofile70YNix"
1653654437481	Marionette	INFO	Marionette enabled
console.warn: SearchSettings: "get: No settings file exists, new profile?" (new NotFoundError("Could not open the file at C:\\Users\\MARCUS~1.SAR\\AppData\\Local\\Temp\\rust_mozprofile70YNix\\search.json.mozlz4", (void 0)))
DevTools listening on ws://localhost:51309/devtools/browser/96256278-dc67-4646-893e-5b45bc9239bc
1653654439237	Marionette	INFO	Listening on port 51330
Read port: 51330
1653654439394	RemoteAgent	WARN	TLS certificate errors will be ignored for this session
console.warn: LoginRecipes: "getRecipes: falling back to a synchronous message for:" "https://www.instagram.com"
console.warn: LoginRecipes: "getRecipes: falling back to a synchronous message for:" "https://www.instagram.com"
JavaScript error: resource://gre/modules/LoginManagerParent.jsm, line 136: TypeError: gRecipeManager is null
1653654526538	Marionette	INFO	Stopped listening on port 51330
console.warn: TopSitesFeed: Failed to fetch data from Contile server: NetworkError when attempting to fetch resource.
JavaScript error: chrome://remote/content/marionette/cert.js, line 55: NS_ERROR_NOT_AVAILABLE: Component returned failure code: 0x80040111 (NS_ERROR_NOT_AVAILABLE) [nsICertOverrideService.setDisableAllSecurityChecksAndLetAttackersInterceptMyData]
